0 info it worked if it ends with ok
1 verbose cli [ '/Users/Andrew/.nvm/versions/node/v7.4.0/bin/node',
1 verbose cli   '/Users/Andrew/.nvm/versions/node/v7.4.0/bin/npm',
1 verbose cli   'run',
1 verbose cli   'build' ]
2 info using npm@4.0.5
3 info using node@v7.4.0
4 verbose run-script [ 'prebuild', 'build', 'postbuild' ]
5 info lifecycle ui@1.0.0~prebuild: ui@1.0.0
6 silly lifecycle ui@1.0.0~prebuild: no script for prebuild, continuing
7 info lifecycle ui@1.0.0~build: ui@1.0.0
8 verbose lifecycle ui@1.0.0~build: unsafe-perm in lifecycle true
9 verbose lifecycle ui@1.0.0~build: PATH: /Users/Andrew/.nvm/versions/node/v7.4.0/lib/node_modules/npm/bin/node-gyp-bin:/Users/Andrew/Documents/rubyProjects/sampleRubyApp/ui/node_modules/.bin:/Users/Andrew/.nvm/versions/node/v7.4.0/bin:/usr/local/bin:/usr/local/bin:/usr/local/bin:/usr/bin:/bin:/usr/sbin:/sbin:/Applications/Postgres.app/Contents/Versions/latest/bin:/Applications/Postgres.app/Contents/Versions/latest/bin
10 verbose lifecycle ui@1.0.0~build: CWD: /Users/Andrew/Documents/rubyProjects/sampleRubyApp/ui
11 silly lifecycle ui@1.0.0~build: Args: [ '-c', 'webpack' ]
12 silly lifecycle ui@1.0.0~build: Returned: code: 2  signal: null
13 info lifecycle ui@1.0.0~build: Failed to exec build script
14 verbose stack Error: ui@1.0.0 build: `webpack`
14 verbose stack Exit status 2
14 verbose stack     at EventEmitter.<anonymous> (/Users/Andrew/.nvm/versions/node/v7.4.0/lib/node_modules/npm/lib/utils/lifecycle.js:279:16)
14 verbose stack     at emitTwo (events.js:106:13)
14 verbose stack     at EventEmitter.emit (events.js:191:7)
14 verbose stack     at ChildProcess.<anonymous> (/Users/Andrew/.nvm/versions/node/v7.4.0/lib/node_modules/npm/lib/utils/spawn.js:40:14)
14 verbose stack     at emitTwo (events.js:106:13)
14 verbose stack     at ChildProcess.emit (events.js:191:7)
14 verbose stack     at maybeClose (internal/child_process.js:885:16)
14 verbose stack     at Process.ChildProcess._handle.onexit (internal/child_process.js:226:5)
15 verbose pkgid ui@1.0.0
16 verbose cwd /Users/Andrew/Documents/rubyProjects/sampleRubyApp/ui
17 error Darwin 15.5.0
18 error argv "/Users/Andrew/.nvm/versions/node/v7.4.0/bin/node" "/Users/Andrew/.nvm/versions/node/v7.4.0/bin/npm" "run" "build"
19 error node v7.4.0
20 error npm  v4.0.5
21 error code ELIFECYCLE
22 error ui@1.0.0 build: `webpack`
22 error Exit status 2
23 error Failed at the ui@1.0.0 build script 'webpack'.
23 error Make sure you have the latest version of node.js and npm installed.
23 error If you do, this is most likely a problem with the ui package,
23 error not with npm itself.
23 error Tell the author that this fails on your system:
23 error     webpack
23 error You can get information on how to open an issue for this project with:
23 error     npm bugs ui
23 error Or if that isn't available, you can get their info via:
23 error     npm owner ls ui
23 error There is likely additional logging output above.
24 verbose exit [ 1, true ]
